<?xml version="1.0" encoding="UTF-8"?>
<!-- Generated by org.testng.reporters.JUnitReportReporter -->
<testsuite hostname="macmini228" failures="0" tests="3" name="com.softserve.firsttask.tests.ValuesTest" time="24.172" errors="0" timestamp="18 Jun 2019 11:56:45 GMT" skipped="0">
  <testcase classname="com.softserve.firsttask.tests.ValuesTest" name="checkValues" time="9.444"/>
  <testcase classname="com.softserve.firsttask.tests.ValuesTest" name="checkValues" time="7.995"/>
  <testcase classname="com.softserve.firsttask.tests.ValuesTest" name="checkValues" time="6.733"/>
</testsuite> <!-- com.softserve.firsttask.tests.ValuesTest -->
